2025-11-06 17:04:35,600 [INFO] Main window initialized.
2025-11-06 17:04:35,660 [INFO] Application started.
2025-11-06 17:04:40,772 [INFO] Main window initialized.
2025-11-06 17:04:40,834 [INFO] Application started.
2025-11-06 17:05:11,417 [INFO] Main window initialized.
2025-11-06 17:05:11,468 [INFO] Application started.
2025-11-06 17:18:09,279 [INFO] Main window initialized.
2025-11-06 17:18:09,331 [INFO] Application started.
2025-11-06 17:22:22,782 [INFO] Main window initialized.
2025-11-06 17:22:22,842 [INFO] Application started.
2025-11-06 17:22:47,844 [INFO] Main window initialized.
2025-11-06 17:22:47,914 [INFO] Application started.
2025-11-06 17:25:51,003 [INFO] Logger initialized at c:\users\scott\dropbox\__projects__\.__application_template__\logs\app.log
2025-11-06 17:25:51,105 [INFO] Loading UI via ui_initializer.setup()
2025-11-06 17:26:36,684 [INFO] Logger initialized at c:\users\scott\dropbox\__projects__\.__application_template__\logs\app.log
2025-11-06 17:26:36,787 [INFO] Loading UI via ui_initializer.setup()
2025-11-06 17:26:36,812 [INFO] Main window ready
2025-11-06 17:26:53,260 [INFO] Application closing...
2025-11-06 17:27:34,806 [INFO] Logger initialized at c:\users\scott\dropbox\__projects__\.__application_template__\logs\app.log
2025-11-06 17:27:34,921 [INFO] Loading UI via ui_initializer.setup()
2025-11-06 17:27:34,931 [INFO] Main window ready
2025-11-06 17:27:45,815 [INFO] Application closing...
2025-11-06 17:27:48,896 [INFO] Logger initialized at c:\users\scott\dropbox\__projects__\.__application_template__\logs\app.log
2025-11-06 17:27:48,992 [INFO] Loading UI via ui_initializer.setup()
2025-11-06 17:27:48,998 [INFO] Main window ready
2025-11-06 17:27:53,812 [INFO] Application closing...
2025-11-06 17:27:56,677 [INFO] Logger initialized at c:\users\scott\dropbox\__projects__\.__application_template__\logs\app.log
2025-11-06 17:27:56,774 [INFO] Loading UI via ui_initializer.setup()
2025-11-06 17:27:56,780 [INFO] Main window ready
2025-11-06 17:27:58,711 [INFO] Application closing...
2025-11-06 17:31:50,826 [INFO] Logger initialized at c:\users\scott\dropbox\__projects__\.__application_template__\logs\app.log
2025-11-06 17:31:50,922 [INFO] Loading UI via ui_initializer.setup()
2025-11-06 17:31:50,929 [INFO] Main window ready
2025-11-06 17:36:06,368 [INFO] Application closing...
2025-11-06 17:36:23,082 [INFO] Logger initialized at c:\users\scott\dropbox\__projects__\.__application_template__\logs\app.log
2025-11-06 17:36:23,180 [INFO] Loading UI via ui_initializer.setup()
2025-11-06 17:36:23,186 [INFO] Main window ready
2025-11-06 17:36:28,222 [INFO] Application closing...
2025-11-06 17:36:51,656 [INFO] Logger initialized at c:\users\scott\dropbox\__projects__\.__application_template__\logs\app.log
2025-11-06 17:36:51,752 [INFO] Loading UI via ui_initializer.setup()
2025-11-06 17:36:51,758 [INFO] Main window ready
2025-11-06 17:36:55,174 [INFO] Application closing...
2025-11-06 17:36:56,761 [INFO] Logger initialized at c:\users\scott\dropbox\__projects__\.__application_template__\logs\app.log
2025-11-06 17:36:56,857 [INFO] Loading UI via ui_initializer.setup()
2025-11-06 17:36:56,879 [INFO] Main window ready
2025-11-06 17:38:53,414 [INFO] Application closing...
2025-11-06 17:38:54,499 [INFO] Logger initialized at c:\users\scott\dropbox\__projects__\.__application_template__\logs\app.log
2025-11-06 17:38:54,596 [INFO] Loading UI via ui_initializer.setup()
2025-11-06 17:38:54,603 [INFO] Main window ready
2025-11-06 17:39:02,215 [INFO] Application closing...
2025-11-06 17:41:00,789 [INFO] Logger initialized at c:\users\scott\dropbox\__projects__\.__application_template__\logs\app.log
2025-11-06 17:41:00,884 [INFO] Loading UI via ui_initializer.setup()
2025-11-06 17:41:00,890 [INFO] Main window ready
2025-11-06 17:41:06,407 [INFO] Application closing...
2025-11-07 13:15:05,366 [INFO] Logger initialized at c:\users\scott\dropbox\__projects__\.__application_template__\logs\app.log
2025-11-07 13:15:05,473 [INFO] Loading UI via ui_initializer.setup()
2025-11-07 13:15:05,489 [INFO] Main window ready
2025-11-07 13:15:14,374 [INFO] Application closing...
2025-11-07 13:15:40,606 [INFO] Logger initialized at c:\users\scott\dropbox\__projects__\.__application_template__\logs\app.log
2025-11-07 13:15:40,712 [INFO] Loading UI via ui_initializer.setup()
2025-11-07 13:15:40,727 [INFO] Main window ready
2025-11-07 13:15:44,769 [INFO] Application closing...
2025-11-07 13:20:02,354 [INFO] Logger initialized at c:\users\scott\dropbox\__projects__\.__application_template__\logs\app.log
2025-11-07 13:20:02,452 [INFO] Loading UI via ui_initializer.setup()
2025-11-07 13:20:02,473 [INFO] Main window ready
2025-11-07 13:20:06,992 [INFO] Application closing...
2025-11-07 14:29:22,809 [INFO] Logger initialized at c:\users\scott\dropbox\__projects__\.__application_template__\logs\app.log
2025-11-07 14:29:22,974 [INFO] Loading UI via ui_initializer.setup()
2025-11-07 14:29:22,980 [INFO] Main window ready
2025-11-07 14:29:24,872 [INFO] Application closing...
2025-11-07 14:30:07,215 [INFO] Logger initialized at c:\users\scott\dropbox\__projects__\.__application_template__\logs\app.log
2025-11-07 14:30:07,368 [INFO] Loading UI via ui_initializer.setup()
2025-11-07 14:30:07,375 [INFO] Main window ready
2025-11-07 14:30:08,537 [INFO] Application closing...
2025-11-07 14:30:58,170 [INFO] Logger initialized at c:\users\scott\dropbox\__projects__\.__application_template__\logs\app.log
2025-11-07 14:30:58,316 [INFO] Loading UI via ui_initializer.setup()
2025-11-07 14:30:58,322 [INFO] Main window ready
2025-11-07 14:30:59,501 [INFO] Application closing...
2025-11-07 14:35:49,916 [INFO] Logger initialized at c:\users\scott\dropbox\__projects__\.__application_template__\logs\app.log
2025-11-07 14:35:50,091 [INFO] Loading UI via ui_initializer.setup()
2025-11-07 14:35:50,100 [INFO] Main window ready
2025-11-07 14:35:56,844 [INFO] Application closing...
2025-11-07 14:35:58,181 [INFO] Logger initialized at c:\users\scott\dropbox\__projects__\.__application_template__\logs\app.log
2025-11-07 14:35:58,328 [INFO] Loading UI via ui_initializer.setup()
2025-11-07 14:35:58,336 [INFO] Main window ready
2025-11-07 14:36:25,718 [INFO] Application closing...
2025-11-07 14:47:51,453 [INFO] Logger initialized at c:\users\scott\dropbox\__projects__\.__application_template__\logs\app.log
2025-11-07 14:47:51,637 [INFO] Loading UI via ui_initializer.setup()
2025-11-07 14:47:51,661 [INFO] Main window ready
2025-11-07 14:47:55,211 [INFO] Application closing...
2025-11-07 14:55:59,030 [INFO] Logger initialized at c:\users\scott\dropbox\__projects__\.__application_template__\logs\app.log
2025-11-07 14:55:59,178 [INFO] Loading UI via ui_initializer.setup()
2025-11-07 14:55:59,187 [INFO] Main window ready
2025-11-07 14:56:06,886 [INFO] Application closing...
2025-11-07 14:57:17,603 [INFO] Logger initialized at c:\users\scott\dropbox\__projects__\.__application_template__\logs\app.log
2025-11-07 14:57:17,761 [INFO] Loading UI via ui_initializer.setup()
2025-11-07 14:57:17,769 [INFO] Main window ready
2025-11-07 14:57:50,047 [INFO] Application closing...
2025-11-07 15:03:51,167 [INFO] Logger initialized at c:\users\scott\dropbox\__projects__\.__application_template__\logs\app.log
2025-11-07 15:03:51,327 [INFO] Loading UI via ui_initializer.setup()
2025-11-07 15:03:51,343 [INFO] Main window ready
2025-11-07 15:04:42,899 [INFO] Application closing...
2025-11-07 15:06:18,206 [INFO] Logger initialized at c:\users\scott\dropbox\__projects__\.__application_template__\logs\app.log
2025-11-07 15:06:18,359 [INFO] Loading UI via ui_initializer.setup()
2025-11-07 15:06:18,371 [INFO] Main window ready
2025-11-07 15:06:35,808 [INFO] Application closing...
2025-11-07 15:15:23,076 [INFO] Logger initialized at c:\users\scott\dropbox\__projects__\.__application_template__\logs\app.log
2025-11-07 15:15:23,228 [INFO] Loading UI via ui_initializer.setup()
2025-11-07 15:15:23,241 [INFO] Main window ready
2025-11-07 15:15:32,595 [INFO] Application closing...
2025-11-07 15:43:12,112 [INFO] Logger initialized at c:\users\scott\dropbox\__projects__\.__application_template__\logs\app.log
2025-11-07 15:43:12,290 [INFO] Loading UI via ui_initializer.setup()
2025-11-07 15:43:12,299 [INFO] Main window ready
2025-11-07 15:43:40,334 [INFO] Application closing...
2025-11-07 15:43:41,683 [INFO] Logger initialized at c:\users\scott\dropbox\__projects__\.__application_template__\logs\app.log
2025-11-07 15:43:42,005 [INFO] Loading UI via ui_initializer.setup()
2025-11-07 15:43:42,062 [INFO] Main window ready
2025-11-07 15:43:53,055 [INFO] Application closing...
2025-11-07 15:44:30,117 [INFO] Logger initialized at c:\users\scott\dropbox\__projects__\.__application_template__\logs\app.log
2025-11-07 15:44:30,271 [INFO] Loading UI via ui_initializer.setup()
2025-11-07 15:44:30,281 [INFO] Main window ready
2025-11-07 15:46:28,477 [INFO] Application closing...
2025-11-07 15:48:55,248 [INFO] Logger initialized at c:\users\scott\dropbox\__projects__\.__application_template__\logs\app.log
2025-11-07 15:48:55,388 [INFO] Loading UI via ui_initializer.setup()
2025-11-07 15:48:55,396 [INFO] Main window ready
2025-11-07 15:49:03,908 [INFO] Application closing...
2025-11-07 15:49:20,090 [INFO] Logger initialized at c:\users\scott\dropbox\__projects__\.__application_template__\logs\app.log
2025-11-07 15:49:20,206 [INFO] Loading UI via ui_initializer.setup()
2025-11-07 15:49:20,217 [INFO] Main window ready
2025-11-07 15:54:15,843 [INFO] Application closing...
2025-11-07 16:30:54,559 [INFO] Logger initialized at c:\users\scott\dropbox\__projects__\.__application_template__\logs\app.log
2025-11-07 16:30:54,708 [INFO] Loading UI via ui_initializer.setup()
2025-11-07 16:30:54,744 [INFO] Main window ready
2025-11-07 16:31:06,963 [INFO] Application closing...
